<?xml version="1.0" encoding="UTF-8"?>
<testsuite xmlns:xsi="http://www.w3.org/2001/XMLSchema-instance" xsi:noNamespaceSchemaLocation="https://maven.apache.org/surefire/maven-surefire-plugin/xsd/surefire-test-report-3.0.xsd" version="3.0" name="com.zjxy.intangible_heritage.service.HeritageWorkServiceTest" time="1.189" tests="6" errors="0" skipped="0" failures="0">
  <properties>
[...]
</properties>
  <testcase name="nonEmptyImageFileUsesGeneratedHeritageUploadPath" classname="com.zjxy.intangible_heritage.service.HeritageWorkServiceTest" time="1.119">
    <system-err><![CDATA[WARNING: A Java agent has been loaded dynamically (D:\apache-maven-3.8.8-bin\maven-repository\net\bytebuddy\byte-buddy-agent\1.14.19\byte-buddy-agent-1.14.19.jar)
WARNING: If a serviceability tool is in use, please run with -XX:+EnableDynamicAgentLoading to hide this warning
WARNING: If a serviceability tool is not in use, please run with -Djdk.instrument.traceUsage for more information
WARNING: Dynamic loading of agents will be disallowed by default in a future release
]]></system-err>
  </testcase>
  <testcase name="ownerCanUpdateTitleAndContentAndRepositoryReceivesChanges" classname="com.zjxy.intangible_heritage.service.HeritageWorkServiceTest" time="0.013"/>
  <testcase name="craftsmanCanCreateWorkWithOwnerAndPendingAuditStatus" classname="com.zjxy.intangible_heritage.service.HeritageWorkServiceTest" time="0.003"/>
  <testcase name="ordinaryUserCannotCreateWork" classname="com.zjxy.intangible_heritage.service.HeritageWorkServiceTest" time="0.004"/>
  <testcase name="emptyImageFileFallsBackToSubmittedUrl" classname="com.zjxy.intangible_heritage.service.HeritageWorkServiceTest" time="0.002"/>
  <testcase name="nonOwnerCannotUpdateWork" classname="com.zjxy.intangible_heritage.service.HeritageWorkServiceTest" time="0.002"/>
</testsuite>